<?xml version="1.0" encoding="UTF-8"?>
<coverage generated="1547173718858" clover="3.2.0">
  <project timestamp="1547173718858" name="All files">
    <metrics statements="156" coveredstatements="142" conditionals="57" coveredconditionals="47" methods="20" coveredmethods="14" elements="233" coveredelements="203" complexity="0" loc="156" ncloc="156" packages="5" files="12" classes="12">
      <package name="dist.job">
        <metrics statements="30" coveredstatements="29" conditionals="13" coveredconditionals="11" methods="2" coveredmethods="2"/>
        <file name="job.model.js" path="/Users/mcarney/projects/graphql-ci/backend/dist/job/job.model.js">
          <metrics statements="8" coveredstatements="8" conditionals="4" coveredconditionals="3" methods="1" coveredmethods="1"/>
          <line num="3" count="2" type="stmt"/>
          <line num="6" count="2" type="stmt"/>
          <line num="8" count="2" type="stmt"/>
          <line num="10" count="2" type="cond" truecount="3" falsecount="1"/>
          <line num="16" count="2" type="stmt"/>
          <line num="41" count="2" type="stmt"/>
          <line num="49" count="2" type="stmt"/>
          <line num="51" count="2" type="stmt"/>
        </file>
        <file name="job.resolvers.js" path="/Users/mcarney/projects/graphql-ci/backend/dist/job/job.resolvers.js">
          <metrics statements="22" coveredstatements="21" conditionals="9" coveredconditionals="8" methods="1" coveredmethods="1"/>
          <line num="3" count="1" type="stmt"/>
          <line num="6" count="1" type="stmt"/>
          <line num="8" count="1" type="stmt"/>
          <line num="10" count="1" type="stmt"/>
          <line num="12" count="1" type="stmt"/>
          <line num="14" count="2" type="cond" truecount="3" falsecount="1"/>
          <line num="16" count="1" type="stmt"/>
          <line num="21" count="2" type="stmt"/>
          <line num="22" count="2" type="stmt"/>
          <line num="23" count="1" type="stmt"/>
          <line num="25" count="1" type="stmt"/>
          <line num="34" count="2" type="stmt"/>
          <line num="35" count="2" type="stmt"/>
          <line num="36" count="1" type="stmt"/>
          <line num="38" count="1" type="stmt"/>
          <line num="45" count="2" type="stmt"/>
          <line num="46" count="2" type="cond" truecount="4" falsecount="0"/>
          <line num="47" count="1" type="stmt"/>
          <line num="48" count="1" type="stmt"/>
          <line num="51" count="1" type="stmt"/>
          <line num="53" count="0" type="stmt"/>
          <line num="59" count="1" type="stmt"/>
        </file>
      </package>
      <package name="dist.user">
        <metrics statements="54" coveredstatements="49" conditionals="21" coveredconditionals="16" methods="10" coveredmethods="7"/>
        <file name="user.github.js" path="/Users/mcarney/projects/graphql-ci/backend/dist/user/user.github.js">
          <metrics statements="12" coveredstatements="12" conditionals="4" coveredconditionals="4" methods="3" coveredmethods="3"/>
          <line num="3" count="1" type="stmt"/>
          <line num="6" count="1" type="stmt"/>
          <line num="8" count="1" type="stmt"/>
          <line num="12" count="1" type="stmt"/>
          <line num="13" count="1" type="stmt"/>
          <line num="17" count="1" type="stmt"/>
          <line num="22" count="2" type="stmt"/>
          <line num="24" count="2" type="cond" truecount="4" falsecount="0"/>
          <line num="25" count="1" type="stmt"/>
          <line num="27" count="1" type="stmt"/>
          <line num="33" count="1" type="stmt"/>
          <line num="34" count="1" type="stmt"/>
        </file>
        <file name="user.model.js" path="/Users/mcarney/projects/graphql-ci/backend/dist/user/user.model.js">
          <metrics statements="21" coveredstatements="16" conditionals="10" coveredconditionals="7" methods="5" coveredmethods="2"/>
          <line num="3" count="3" type="stmt"/>
          <line num="6" count="3" type="stmt"/>
          <line num="8" count="3" type="stmt"/>
          <line num="10" count="3" type="stmt"/>
          <line num="12" count="6" type="cond" truecount="3" falsecount="1"/>
          <line num="18" count="3" type="stmt"/>
          <line num="47" count="3" type="stmt"/>
          <line num="63" count="3" type="stmt"/>
          <line num="64" count="0" type="cond" truecount="0" falsecount="2"/>
          <line num="65" count="0" type="stmt"/>
          <line num="67" count="0" type="stmt"/>
          <line num="68" count="0" type="stmt"/>
          <line num="69" count="0" type="stmt"/>
          <line num="78" count="3" type="stmt"/>
          <line num="79" count="3" type="cond" truecount="2" falsecount="0"/>
          <line num="80" count="1" type="stmt"/>
          <line num="83" count="2" type="cond" truecount="2" falsecount="0"/>
          <line num="84" count="1" type="stmt"/>
          <line num="87" count="1" type="stmt"/>
          <line num="94" count="3" type="stmt"/>
          <line num="96" count="3" type="stmt"/>
        </file>
        <file name="user.resolvers.js" path="/Users/mcarney/projects/graphql-ci/backend/dist/user/user.resolvers.js">
          <metrics statements="21" coveredstatements="21" conditionals="7" coveredconditionals="5" methods="2" coveredmethods="2"/>
          <line num="3" count="1" type="stmt"/>
          <line num="6" count="1" type="stmt"/>
          <line num="8" count="1" type="stmt"/>
          <line num="10" count="1" type="cond" truecount="3" falsecount="1"/>
          <line num="12" count="1" type="stmt"/>
          <line num="17" count="2" type="stmt"/>
          <line num="18" count="2" type="stmt"/>
          <line num="19" count="1" type="stmt"/>
          <line num="21" count="1" type="stmt"/>
          <line num="30" count="2" type="stmt"/>
          <line num="31" count="2" type="stmt"/>
          <line num="32" count="1" type="stmt"/>
          <line num="34" count="1" type="stmt"/>
          <line num="43" count="3" type="stmt"/>
          <line num="44" count="3" type="stmt"/>
          <line num="46" count="3" type="cond" truecount="2" falsecount="0"/>
          <line num="47" count="2" type="stmt"/>
          <line num="48" count="1" type="stmt"/>
          <line num="54" count="1" type="stmt"/>
          <line num="56" count="1" type="stmt"/>
          <line num="61" count="1" type="stmt"/>
        </file>
      </package>
      <package name="src.job">
        <metrics statements="17" coveredstatements="16" conditionals="5" coveredconditionals="5" methods="0" coveredmethods="0"/>
        <file name="job.model.js" path="/Users/mcarney/projects/graphql-ci/backend/src/job/job.model.js">
          <metrics statements="2" coveredstatements="2" conditionals="0" coveredconditionals="0" methods="0" coveredmethods="0"/>
          <line num="9" count="2" type="stmt"/>
          <line num="35" count="2" type="stmt"/>
        </file>
        <file name="job.resolvers.js" path="/Users/mcarney/projects/graphql-ci/backend/src/job/job.resolvers.js">
          <metrics statements="15" coveredstatements="14" conditionals="5" coveredconditionals="5" methods="0" coveredmethods="0"/>
          <line num="5" count="1" type="stmt"/>
          <line num="8" count="2" type="stmt"/>
          <line num="9" count="2" type="stmt"/>
          <line num="10" count="1" type="stmt"/>
          <line num="12" count="1" type="stmt"/>
          <line num="18" count="2" type="stmt"/>
          <line num="19" count="2" type="stmt"/>
          <line num="20" count="1" type="stmt"/>
          <line num="22" count="1" type="stmt"/>
          <line num="29" count="2" type="stmt"/>
          <line num="30" count="2" type="cond" truecount="4" falsecount="0"/>
          <line num="31" count="1" type="stmt"/>
          <line num="32" count="1" type="stmt"/>
          <line num="34" count="1" type="stmt"/>
          <line num="36" count="0" type="stmt"/>
        </file>
      </package>
      <package name="src.thing">
        <metrics statements="17" coveredstatements="16" conditionals="5" coveredconditionals="5" methods="0" coveredmethods="0"/>
        <file name="thing.model.js" path="/Users/mcarney/projects/graphql-ci/backend/src/thing/thing.model.js">
          <metrics statements="2" coveredstatements="2" conditionals="0" coveredconditionals="0" methods="0" coveredmethods="0"/>
          <line num="9" count="2" type="stmt"/>
          <line num="36" count="2" type="stmt"/>
        </file>
        <file name="thing.resolvers.js" path="/Users/mcarney/projects/graphql-ci/backend/src/thing/thing.resolvers.js">
          <metrics statements="15" coveredstatements="14" conditionals="5" coveredconditionals="5" methods="0" coveredmethods="0"/>
          <line num="4" count="1" type="stmt"/>
          <line num="7" count="2" type="stmt"/>
          <line num="8" count="2" type="stmt"/>
          <line num="9" count="1" type="stmt"/>
          <line num="11" count="1" type="stmt"/>
          <line num="17" count="2" type="stmt"/>
          <line num="18" count="2" type="stmt"/>
          <line num="19" count="1" type="stmt"/>
          <line num="21" count="1" type="stmt"/>
          <line num="28" count="2" type="stmt"/>
          <line num="29" count="2" type="cond" truecount="4" falsecount="0"/>
          <line num="30" count="1" type="stmt"/>
          <line num="31" count="1" type="stmt"/>
          <line num="33" count="1" type="stmt"/>
          <line num="35" count="0" type="stmt"/>
        </file>
      </package>
      <package name="src.user">
        <metrics statements="38" coveredstatements="32" conditionals="13" coveredconditionals="10" methods="8" coveredmethods="5"/>
        <file name="user.github.js" path="/Users/mcarney/projects/graphql-ci/backend/src/user/user.github.js">
          <metrics statements="7" coveredstatements="7" conditionals="4" coveredconditionals="4" methods="3" coveredmethods="3"/>
          <line num="5" count="1" type="stmt"/>
          <line num="6" count="1" type="stmt"/>
          <line num="10" count="1" type="stmt"/>
          <line num="15" count="2" type="stmt"/>
          <line num="16" count="2" type="cond" truecount="4" falsecount="0"/>
          <line num="17" count="1" type="stmt"/>
          <line num="19" count="1" type="stmt"/>
        </file>
        <file name="user.model.js" path="/Users/mcarney/projects/graphql-ci/backend/src/user/user.model.js">
          <metrics statements="15" coveredstatements="9" conditionals="6" coveredconditionals="4" methods="4" coveredmethods="1"/>
          <line num="8" count="4" type="stmt"/>
          <line num="37" count="4" type="stmt"/>
          <line num="52" count="4" type="stmt"/>
          <line num="53" count="0" type="cond" truecount="0" falsecount="2"/>
          <line num="54" count="0" type="stmt"/>
          <line num="56" count="0" type="stmt"/>
          <line num="58" count="0" type="stmt"/>
          <line num="60" count="0" type="stmt"/>
          <line num="61" count="0" type="stmt"/>
          <line num="71" count="4" type="stmt"/>
          <line num="74" count="3" type="cond" truecount="2" falsecount="0"/>
          <line num="75" count="1" type="stmt"/>
          <line num="77" count="2" type="cond" truecount="2" falsecount="0"/>
          <line num="78" count="1" type="stmt"/>
          <line num="80" count="1" type="stmt"/>
        </file>
        <file name="user.resolvers.js" path="/Users/mcarney/projects/graphql-ci/backend/src/user/user.resolvers.js">
          <metrics statements="16" coveredstatements="16" conditionals="3" coveredconditionals="2" methods="1" coveredmethods="1"/>
          <line num="3" count="1" type="stmt"/>
          <line num="6" count="2" type="stmt"/>
          <line num="7" count="2" type="stmt"/>
          <line num="8" count="1" type="stmt"/>
          <line num="10" count="1" type="stmt"/>
          <line num="16" count="2" type="stmt"/>
          <line num="17" count="2" type="stmt"/>
          <line num="18" count="1" type="stmt"/>
          <line num="20" count="1" type="stmt"/>
          <line num="27" count="3" type="stmt"/>
          <line num="28" count="3" type="stmt"/>
          <line num="29" count="3" type="cond" truecount="2" falsecount="0"/>
          <line num="30" count="2" type="stmt"/>
          <line num="31" count="1" type="stmt"/>
          <line num="36" count="1" type="stmt"/>
          <line num="38" count="1" type="stmt"/>
        </file>
      </package>
    </metrics>
  </project>
</coverage>
