{"/Users/mcarney/projects/graphql-ci/backend/dist/job/job.model.js": {"path":"/Users/mcarney/projects/graphql-ci/backend/dist/job/job.model.js","statementMap":{"0":{"start":{"line":3,"column":0},"end":{"line":5,"column":3}},"1":{"start":{"line":6,"column":0},"end":{"line":6,"column":25}},"2":{"start":{"line":8,"column":16},"end":{"line":8,"column":59}},"3":{"start":{"line":10,"column":39},"end":{"line":10,"column":93}},"4":{"start":{"line":16,"column":17},"end":{"line":40,"column":2}},"5":{"start":{"line":41,"column":0},"end":{"line":43,"column":3}},"6":{"start":{"line":49,"column":15},"end":{"line":49,"column":55}},"7":{"start":{"line":51,"column":0},"end":{"line":51,"column":27}}},"fnMap":{"0":{"name":"_interopRequireDefault","decl":{"start":{"line":10,"column":9},"end":{"line":10,"column":31}},"loc":{"start":{"line":10,"column":37},"end":{"line":10,"column":95}},"line":10}},"branchMap":{"0":{"loc":{"start":{"line":10,"column":46},"end":{"line":10,"column":92}},"type":"cond-expr","locations":[{"start":{"line":10,"column":70},"end":{"line":10,"column":73}},{"start":{"line":10,"column":76},"end":{"line":10,"column":92}}],"line":10},"1":{"loc":{"start":{"line":10,"column":46},"end":{"line":10,"column":67}},"type":"binary-expr","locations":[{"start":{"line":10,"column":46},"end":{"line":10,"column":49}},{"start":{"line":10,"column":53},"end":{"line":10,"column":67}}],"line":10}},"s":{"0":2,"1":2,"2":2,"3":2,"4":2,"5":2,"6":2,"7":2},"f":{"0":2},"b":{"0":[0,2],"1":[2,2]},"_coverageSchema":"332fd63041d2c1bcb487cc26dd0d5f7d97098a6c","hash":"7e9f1d4a75ac16faf9d969c3bff0796007310642"}
,"/Users/mcarney/projects/graphql-ci/backend/dist/job/job.resolvers.js": {"path":"/Users/mcarney/projects/graphql-ci/backend/dist/job/job.resolvers.js","statementMap":{"0":{"start":{"line":3,"column":0},"end":{"line":5,"column":3}},"1":{"start":{"line":6,"column":0},"end":{"line":6,"column":30}},"2":{"start":{"line":8,"column":11},"end":{"line":8,"column":57}},"3":{"start":{"line":10,"column":12},"end":{"line":10,"column":65}},"4":{"start":{"line":12,"column":20},"end":{"line":12,"column":44}},"5":{"start":{"line":14,"column":39},"end":{"line":14,"column":93}},"6":{"start":{"line":16,"column":21},"end":{"line":58,"column":1}},"7":{"start":{"line":21,"column":6},"end":{"line":26,"column":7}},"8":{"start":{"line":22,"column":21},"end":{"line":22,"column":62}},"9":{"start":{"line":23,"column":8},"end":{"line":23,"column":20}},"10":{"start":{"line":25,"column":8},"end":{"line":25,"column":19}},"11":{"start":{"line":34,"column":6},"end":{"line":39,"column":7}},"12":{"start":{"line":35,"column":20},"end":{"line":35,"column":52}},"13":{"start":{"line":36,"column":8},"end":{"line":36,"column":19}},"14":{"start":{"line":38,"column":8},"end":{"line":38,"column":19}},"15":{"start":{"line":45,"column":6},"end":{"line":54,"column":7}},"16":{"start":{"line":46,"column":8},"end":{"line":49,"column":9}},"17":{"start":{"line":47,"column":23},"end":{"line":47,"column":63}},"18":{"start":{"line":48,"column":10},"end":{"line":48,"column":22}},"19":{"start":{"line":51,"column":8},"end":{"line":51,"column":20}},"20":{"start":{"line":53,"column":8},"end":{"line":53,"column":19}},"21":{"start":{"line":59,"column":0},"end":{"line":59,"column":36}}},"fnMap":{"0":{"name":"_interopRequireDefault","decl":{"start":{"line":14,"column":9},"end":{"line":14,"column":31}},"loc":{"start":{"line":14,"column":37},"end":{"line":14,"column":95}},"line":14}},"branchMap":{"0":{"loc":{"start":{"line":14,"column":46},"end":{"line":14,"column":92}},"type":"cond-expr","locations":[{"start":{"line":14,"column":70},"end":{"line":14,"column":73}},{"start":{"line":14,"column":76},"end":{"line":14,"column":92}}],"line":14},"1":{"loc":{"start":{"line":14,"column":46},"end":{"line":14,"column":67}},"type":"binary-expr","locations":[{"start":{"line":14,"column":46},"end":{"line":14,"column":49}},{"start":{"line":14,"column":53},"end":{"line":14,"column":67}}],"line":14},"2":{"loc":{"start":{"line":19,"column":6},"end":{"line":19,"column":17}},"type":"default-arg","locations":[{"start":{"line":19,"column":15},"end":{"line":19,"column":17}}],"line":19},"3":{"loc":{"start":{"line":46,"column":8},"end":{"line":49,"column":9}},"type":"if","locations":[{"start":{"line":46,"column":8},"end":{"line":49,"column":9}},{"start":{"line":46,"column":8},"end":{"line":49,"column":9}}],"line":46},"4":{"loc":{"start":{"line":46,"column":12},"end":{"line":46,"column":29}},"type":"binary-expr","locations":[{"start":{"line":46,"column":12},"end":{"line":46,"column":15}},{"start":{"line":46,"column":19},"end":{"line":46,"column":29}}],"line":46}},"s":{"0":1,"1":1,"2":1,"3":1,"4":1,"5":2,"6":1,"7":2,"8":2,"9":1,"10":1,"11":2,"12":2,"13":1,"14":1,"15":2,"16":2,"17":1,"18":1,"19":1,"20":0,"21":1},"f":{"0":2},"b":{"0":[2,0],"1":[2,2],"2":[2],"3":[1,1],"4":[2,2]},"_coverageSchema":"332fd63041d2c1bcb487cc26dd0d5f7d97098a6c","hash":"a23f3330f5b01709cbb1ae07094a40c1deeaec0c"}
,"/Users/mcarney/projects/graphql-ci/backend/dist/user/user.github.js": {"path":"/Users/mcarney/projects/graphql-ci/backend/dist/user/user.github.js","statementMap":{"0":{"start":{"line":3,"column":0},"end":{"line":5,"column":3}},"1":{"start":{"line":6,"column":0},"end":{"line":6,"column":25}},"2":{"start":{"line":8,"column":28},"end":{"line":8,"column":61}},"3":{"start":{"line":12,"column":4},"end":{"line":12,"column":12}},"4":{"start":{"line":13,"column":4},"end":{"line":13,"column":45}},"5":{"start":{"line":17,"column":4},"end":{"line":17,"column":35}},"6":{"start":{"line":22,"column":17},"end":{"line":22,"column":46}},"7":{"start":{"line":24,"column":4},"end":{"line":28,"column":5}},"8":{"start":{"line":25,"column":6},"end":{"line":25,"column":31}},"9":{"start":{"line":27,"column":6},"end":{"line":27,"column":18}},"10":{"start":{"line":33,"column":15},"end":{"line":33,"column":29}},"11":{"start":{"line":34,"column":0},"end":{"line":34,"column":27}}},"fnMap":{"0":{"name":"(anonymous_0)","decl":{"start":{"line":11,"column":2},"end":{"line":11,"column":3}},"loc":{"start":{"line":11,"column":16},"end":{"line":14,"column":3}},"line":11},"1":{"name":"(anonymous_1)","decl":{"start":{"line":16,"column":2},"end":{"line":16,"column":3}},"loc":{"start":{"line":16,"column":20},"end":{"line":18,"column":3}},"line":16},"2":{"name":"(anonymous_2)","decl":{"start":{"line":21,"column":2},"end":{"line":21,"column":3}},"loc":{"start":{"line":21,"column":29},"end":{"line":29,"column":3}},"line":21}},"branchMap":{"0":{"loc":{"start":{"line":24,"column":4},"end":{"line":28,"column":5}},"type":"if","locations":[{"start":{"line":24,"column":4},"end":{"line":28,"column":5}},{"start":{"line":24,"column":4},"end":{"line":28,"column":5}}],"line":24},"1":{"loc":{"start":{"line":24,"column":8},"end":{"line":24,"column":33}},"type":"binary-expr","locations":[{"start":{"line":24,"column":8},"end":{"line":24,"column":12}},{"start":{"line":24,"column":16},"end":{"line":24,"column":33}}],"line":24}},"s":{"0":1,"1":1,"2":1,"3":1,"4":1,"5":1,"6":2,"7":2,"8":1,"9":1,"10":1,"11":1},"f":{"0":1,"1":1,"2":2},"b":{"0":[1,1],"1":[2,1]},"_coverageSchema":"332fd63041d2c1bcb487cc26dd0d5f7d97098a6c","hash":"aec9d6c5cc2bb141fcf146fdf73a128e4f7cbabe"}
,"/Users/mcarney/projects/graphql-ci/backend/dist/user/user.model.js": {"path":"/Users/mcarney/projects/graphql-ci/backend/dist/user/user.model.js","statementMap":{"0":{"start":{"line":3,"column":0},"end":{"line":5,"column":3}},"1":{"start":{"line":6,"column":0},"end":{"line":6,"column":25}},"2":{"start":{"line":8,"column":16},"end":{"line":8,"column":59}},"3":{"start":{"line":10,"column":16},"end":{"line":10,"column":59}},"4":{"start":{"line":12,"column":39},"end":{"line":12,"column":93}},"5":{"start":{"line":18,"column":19},"end":{"line":41,"column":2}},"6":{"start":{"line":47,"column":0},"end":{"line":49,"column":3}},"7":{"start":{"line":63,"column":0},"end":{"line":72,"column":3}},"8":{"start":{"line":64,"column":2},"end":{"line":71,"column":3}},"9":{"start":{"line":65,"column":4},"end":{"line":65,"column":11}},"10":{"start":{"line":67,"column":4},"end":{"line":70,"column":19}},"11":{"start":{"line":67,"column":46},"end":{"line":67,"column":89}},"12":{"start":{"line":68,"column":6},"end":{"line":68,"column":27}},"13":{"start":{"line":69,"column":6},"end":{"line":69,"column":13}},"14":{"start":{"line":78,"column":0},"end":{"line":88,"column":3}},"15":{"start":{"line":79,"column":2},"end":{"line":81,"column":3}},"16":{"start":{"line":80,"column":4},"end":{"line":80,"column":69}},"17":{"start":{"line":83,"column":2},"end":{"line":85,"column":3}},"18":{"start":{"line":84,"column":4},"end":{"line":84,"column":17}},"19":{"start":{"line":87,"column":2},"end":{"line":87,"column":61}},"20":{"start":{"line":94,"column":15},"end":{"line":94,"column":58}},"21":{"start":{"line":96,"column":0},"end":{"line":96,"column":27}}},"fnMap":{"0":{"name":"_interopRequireDefault","decl":{"start":{"line":12,"column":9},"end":{"line":12,"column":31}},"loc":{"start":{"line":12,"column":37},"end":{"line":12,"column":95}},"line":12},"1":{"name":"preSave","decl":{"start":{"line":63,"column":32},"end":{"line":63,"column":39}},"loc":{"start":{"line":63,"column":46},"end":{"line":72,"column":1}},"line":63},"2":{"name":"(anonymous_2)","decl":{"start":{"line":67,"column":38},"end":{"line":67,"column":39}},"loc":{"start":{"line":67,"column":46},"end":{"line":67,"column":89}},"line":67},"3":{"name":"(anonymous_3)","decl":{"start":{"line":67,"column":96},"end":{"line":67,"column":97}},"loc":{"start":{"line":67,"column":104},"end":{"line":70,"column":5}},"line":67},"4":{"name":"comparePassword","decl":{"start":{"line":78,"column":46},"end":{"line":78,"column":61}},"loc":{"start":{"line":78,"column":73},"end":{"line":88,"column":1}},"line":78}},"branchMap":{"0":{"loc":{"start":{"line":12,"column":46},"end":{"line":12,"column":92}},"type":"cond-expr","locations":[{"start":{"line":12,"column":70},"end":{"line":12,"column":73}},{"start":{"line":12,"column":76},"end":{"line":12,"column":92}}],"line":12},"1":{"loc":{"start":{"line":12,"column":46},"end":{"line":12,"column":67}},"type":"binary-expr","locations":[{"start":{"line":12,"column":46},"end":{"line":12,"column":49}},{"start":{"line":12,"column":53},"end":{"line":12,"column":67}}],"line":12},"2":{"loc":{"start":{"line":64,"column":2},"end":{"line":71,"column":3}},"type":"if","locations":[{"start":{"line":64,"column":2},"end":{"line":71,"column":3}},{"start":{"line":64,"column":2},"end":{"line":71,"column":3}}],"line":64},"3":{"loc":{"start":{"line":79,"column":2},"end":{"line":81,"column":3}},"type":"if","locations":[{"start":{"line":79,"column":2},"end":{"line":81,"column":3}},{"start":{"line":79,"column":2},"end":{"line":81,"column":3}}],"line":79},"4":{"loc":{"start":{"line":83,"column":2},"end":{"line":85,"column":3}},"type":"if","locations":[{"start":{"line":83,"column":2},"end":{"line":85,"column":3}},{"start":{"line":83,"column":2},"end":{"line":85,"column":3}}],"line":83}},"s":{"0":3,"1":3,"2":3,"3":3,"4":6,"5":3,"6":3,"7":3,"8":0,"9":0,"10":0,"11":0,"12":0,"13":0,"14":3,"15":3,"16":1,"17":2,"18":1,"19":1,"20":3,"21":3},"f":{"0":6,"1":0,"2":0,"3":0,"4":3},"b":{"0":[0,6],"1":[6,6],"2":[0,0],"3":[1,2],"4":[1,1]},"_coverageSchema":"332fd63041d2c1bcb487cc26dd0d5f7d97098a6c","hash":"177fc632609959d44d4f5cb688dfc0ced2de1c85"}
,"/Users/mcarney/projects/graphql-ci/backend/dist/user/user.resolvers.js": {"path":"/Users/mcarney/projects/graphql-ci/backend/dist/user/user.resolvers.js","statementMap":{"0":{"start":{"line":3,"column":0},"end":{"line":5,"column":3}},"1":{"start":{"line":6,"column":0},"end":{"line":6,"column":31}},"2":{"start":{"line":8,"column":12},"end":{"line":8,"column":59}},"3":{"start":{"line":10,"column":39},"end":{"line":10,"column":93}},"4":{"start":{"line":12,"column":22},"end":{"line":60,"column":1}},"5":{"start":{"line":17,"column":6},"end":{"line":22,"column":7}},"6":{"start":{"line":18,"column":22},"end":{"line":18,"column":64}},"7":{"start":{"line":19,"column":8},"end":{"line":19,"column":21}},"8":{"start":{"line":21,"column":8},"end":{"line":21,"column":19}},"9":{"start":{"line":30,"column":6},"end":{"line":35,"column":7}},"10":{"start":{"line":31,"column":21},"end":{"line":31,"column":54}},"11":{"start":{"line":32,"column":8},"end":{"line":32,"column":20}},"12":{"start":{"line":34,"column":8},"end":{"line":34,"column":19}},"13":{"start":{"line":43,"column":6},"end":{"line":57,"column":7}},"14":{"start":{"line":44,"column":31},"end":{"line":44,"column":53}},"15":{"start":{"line":46,"column":8},"end":{"line":52,"column":9}},"16":{"start":{"line":47,"column":27},"end":{"line":47,"column":92}},"17":{"start":{"line":48,"column":10},"end":{"line":51,"column":12}},"18":{"start":{"line":54,"column":8},"end":{"line":54,"column":20}},"19":{"start":{"line":56,"column":8},"end":{"line":56,"column":19}},"20":{"start":{"line":61,"column":0},"end":{"line":61,"column":38}}},"fnMap":{"0":{"name":"_interopRequireDefault","decl":{"start":{"line":10,"column":9},"end":{"line":10,"column":31}},"loc":{"start":{"line":10,"column":37},"end":{"line":10,"column":95}},"line":10},"1":{"name":"(anonymous_1)","decl":{"start":{"line":40,"column":12},"end":{"line":40,"column":13}},"loc":{"start":{"line":42,"column":10},"end":{"line":58,"column":5}},"line":42}},"branchMap":{"0":{"loc":{"start":{"line":10,"column":46},"end":{"line":10,"column":92}},"type":"cond-expr","locations":[{"start":{"line":10,"column":70},"end":{"line":10,"column":73}},{"start":{"line":10,"column":76},"end":{"line":10,"column":92}}],"line":10},"1":{"loc":{"start":{"line":10,"column":46},"end":{"line":10,"column":67}},"type":"binary-expr","locations":[{"start":{"line":10,"column":46},"end":{"line":10,"column":49}},{"start":{"line":10,"column":53},"end":{"line":10,"column":67}}],"line":10},"2":{"loc":{"start":{"line":15,"column":6},"end":{"line":15,"column":17}},"type":"default-arg","locations":[{"start":{"line":15,"column":15},"end":{"line":15,"column":17}}],"line":15},"3":{"loc":{"start":{"line":46,"column":8},"end":{"line":52,"column":9}},"type":"if","locations":[{"start":{"line":46,"column":8},"end":{"line":52,"column":9}},{"start":{"line":46,"column":8},"end":{"line":52,"column":9}}],"line":46}},"s":{"0":1,"1":1,"2":1,"3":1,"4":1,"5":2,"6":2,"7":1,"8":1,"9":2,"10":2,"11":1,"12":1,"13":3,"14":3,"15":3,"16":2,"17":1,"18":1,"19":1,"20":1},"f":{"0":1,"1":3},"b":{"0":[1,0],"1":[1,1],"2":[0],"3":[2,1]},"_coverageSchema":"332fd63041d2c1bcb487cc26dd0d5f7d97098a6c","hash":"863be58d22111d8e5d6175199b744a72888354b9"}
,"/Users/mcarney/projects/graphql-ci/backend/src/job/job.model.js": {"path":"/Users/mcarney/projects/graphql-ci/backend/src/job/job.model.js","statementMap":{"0":{"start":{"line":9,"column":17},"end":{"line":33,"column":2}},"1":{"start":{"line":35,"column":0},"end":{"line":35,"column":45}}},"fnMap":{},"branchMap":{},"s":{"0":2,"1":2},"f":{},"b":{},"_coverageSchema":"332fd63041d2c1bcb487cc26dd0d5f7d97098a6c","hash":"44b42d2fa85706f8c535fe8a3724080662fe0d4d"}
,"/Users/mcarney/projects/graphql-ci/backend/src/job/job.resolvers.js": {"path":"/Users/mcarney/projects/graphql-ci/backend/src/job/job.resolvers.js","statementMap":{"0":{"start":{"line":5,"column":28},"end":{"line":42,"column":1}},"1":{"start":{"line":8,"column":12},"end":{"line":13,"column":13}},"2":{"start":{"line":9,"column":29},"end":{"line":9,"column":61}},"3":{"start":{"line":10,"column":16},"end":{"line":10,"column":28}},"4":{"start":{"line":12,"column":16},"end":{"line":12,"column":27}},"5":{"start":{"line":18,"column":12},"end":{"line":23,"column":13}},"6":{"start":{"line":19,"column":28},"end":{"line":19,"column":51}},"7":{"start":{"line":20,"column":16},"end":{"line":20,"column":27}},"8":{"start":{"line":22,"column":16},"end":{"line":22,"column":27}},"9":{"start":{"line":29,"column":12},"end":{"line":37,"column":13}},"10":{"start":{"line":30,"column":16},"end":{"line":33,"column":17}},"11":{"start":{"line":31,"column":33},"end":{"line":31,"column":64}},"12":{"start":{"line":32,"column":20},"end":{"line":32,"column":32}},"13":{"start":{"line":34,"column":16},"end":{"line":34,"column":28}},"14":{"start":{"line":36,"column":16},"end":{"line":36,"column":27}}},"fnMap":{},"branchMap":{"0":{"loc":{"start":{"line":7,"column":24},"end":{"line":7,"column":35}},"type":"default-arg","locations":[{"start":{"line":7,"column":33},"end":{"line":7,"column":35}}],"line":7},"1":{"loc":{"start":{"line":30,"column":16},"end":{"line":33,"column":17}},"type":"if","locations":[{"start":{"line":30,"column":16},"end":{"line":33,"column":17}},{"start":{"line":30,"column":16},"end":{"line":33,"column":17}}],"line":30},"2":{"loc":{"start":{"line":30,"column":20},"end":{"line":30,"column":37}},"type":"binary-expr","locations":[{"start":{"line":30,"column":20},"end":{"line":30,"column":23}},{"start":{"line":30,"column":27},"end":{"line":30,"column":37}}],"line":30}},"s":{"0":1,"1":2,"2":2,"3":1,"4":1,"5":2,"6":2,"7":1,"8":1,"9":2,"10":2,"11":1,"12":1,"13":1,"14":0},"f":{},"b":{"0":[2],"1":[1,1],"2":[2,2]},"_coverageSchema":"332fd63041d2c1bcb487cc26dd0d5f7d97098a6c","hash":"773757224831fcc117918a79c852d9e5e92015c7"}
,"/Users/mcarney/projects/graphql-ci/backend/src/thing/thing.model.js": {"path":"/Users/mcarney/projects/graphql-ci/backend/src/thing/thing.model.js","statementMap":{"0":{"start":{"line":9,"column":19},"end":{"line":34,"column":2}},"1":{"start":{"line":36,"column":0},"end":{"line":36,"column":47}}},"fnMap":{},"branchMap":{},"s":{"0":2,"1":2},"f":{},"b":{},"_coverageSchema":"332fd63041d2c1bcb487cc26dd0d5f7d97098a6c","hash":"129ad2a38edfa2fec755ace43e55a85f7215c509"}
,"/Users/mcarney/projects/graphql-ci/backend/src/thing/thing.resolvers.js": {"path":"/Users/mcarney/projects/graphql-ci/backend/src/thing/thing.resolvers.js","statementMap":{"0":{"start":{"line":4,"column":30},"end":{"line":40,"column":1}},"1":{"start":{"line":7,"column":12},"end":{"line":12,"column":13}},"2":{"start":{"line":8,"column":31},"end":{"line":8,"column":65}},"3":{"start":{"line":9,"column":16},"end":{"line":9,"column":30}},"4":{"start":{"line":11,"column":16},"end":{"line":11,"column":27}},"5":{"start":{"line":17,"column":12},"end":{"line":22,"column":13}},"6":{"start":{"line":18,"column":30},"end":{"line":18,"column":55}},"7":{"start":{"line":19,"column":16},"end":{"line":19,"column":29}},"8":{"start":{"line":21,"column":16},"end":{"line":21,"column":27}},"9":{"start":{"line":28,"column":12},"end":{"line":36,"column":13}},"10":{"start":{"line":29,"column":16},"end":{"line":32,"column":17}},"11":{"start":{"line":30,"column":33},"end":{"line":30,"column":66}},"12":{"start":{"line":31,"column":20},"end":{"line":31,"column":32}},"13":{"start":{"line":33,"column":16},"end":{"line":33,"column":28}},"14":{"start":{"line":35,"column":16},"end":{"line":35,"column":27}}},"fnMap":{},"branchMap":{"0":{"loc":{"start":{"line":6,"column":26},"end":{"line":6,"column":37}},"type":"default-arg","locations":[{"start":{"line":6,"column":35},"end":{"line":6,"column":37}}],"line":6},"1":{"loc":{"start":{"line":29,"column":16},"end":{"line":32,"column":17}},"type":"if","locations":[{"start":{"line":29,"column":16},"end":{"line":32,"column":17}},{"start":{"line":29,"column":16},"end":{"line":32,"column":17}}],"line":29},"2":{"loc":{"start":{"line":29,"column":20},"end":{"line":29,"column":41}},"type":"binary-expr","locations":[{"start":{"line":29,"column":20},"end":{"line":29,"column":25}},{"start":{"line":29,"column":29},"end":{"line":29,"column":41}}],"line":29}},"s":{"0":1,"1":2,"2":2,"3":1,"4":1,"5":2,"6":2,"7":1,"8":1,"9":2,"10":2,"11":1,"12":1,"13":1,"14":0},"f":{},"b":{"0":[2],"1":[1,1],"2":[2,2]},"_coverageSchema":"332fd63041d2c1bcb487cc26dd0d5f7d97098a6c","hash":"99286c445d62086cae1c1fa9748d0b6c754b9012"}
,"/Users/mcarney/projects/graphql-ci/backend/src/user/user.github.js": {"path":"/Users/mcarney/projects/graphql-ci/backend/src/user/user.github.js","statementMap":{"0":{"start":{"line":5,"column":4},"end":{"line":5,"column":12}},"1":{"start":{"line":6,"column":4},"end":{"line":6,"column":45}},"2":{"start":{"line":10,"column":4},"end":{"line":10,"column":35}},"3":{"start":{"line":15,"column":17},"end":{"line":15,"column":46}},"4":{"start":{"line":16,"column":4},"end":{"line":20,"column":5}},"5":{"start":{"line":17,"column":8},"end":{"line":17,"column":33}},"6":{"start":{"line":19,"column":8},"end":{"line":19,"column":20}}},"fnMap":{"0":{"name":"(anonymous_0)","decl":{"start":{"line":4,"column":2},"end":{"line":4,"column":3}},"loc":{"start":{"line":4,"column":16},"end":{"line":7,"column":3}},"line":4},"1":{"name":"(anonymous_1)","decl":{"start":{"line":9,"column":2},"end":{"line":9,"column":3}},"loc":{"start":{"line":9,"column":20},"end":{"line":11,"column":3}},"line":9},"2":{"name":"(anonymous_2)","decl":{"start":{"line":14,"column":2},"end":{"line":14,"column":3}},"loc":{"start":{"line":14,"column":29},"end":{"line":23,"column":3}},"line":14}},"branchMap":{"0":{"loc":{"start":{"line":16,"column":4},"end":{"line":20,"column":5}},"type":"if","locations":[{"start":{"line":16,"column":4},"end":{"line":20,"column":5}},{"start":{"line":16,"column":4},"end":{"line":20,"column":5}}],"line":16},"1":{"loc":{"start":{"line":16,"column":8},"end":{"line":16,"column":33}},"type":"binary-expr","locations":[{"start":{"line":16,"column":8},"end":{"line":16,"column":12}},{"start":{"line":16,"column":16},"end":{"line":16,"column":33}}],"line":16}},"s":{"0":1,"1":1,"2":1,"3":2,"4":2,"5":1,"6":1},"f":{"0":1,"1":1,"2":2},"b":{"0":[1,1],"1":[2,1]},"_coverageSchema":"332fd63041d2c1bcb487cc26dd0d5f7d97098a6c","hash":"e66441d9322725c338ea062659516351b1e5a0ed"}
,"/Users/mcarney/projects/graphql-ci/backend/src/user/user.model.js": {"path":"/Users/mcarney/projects/graphql-ci/backend/src/user/user.model.js","statementMap":{"0":{"start":{"line":8,"column":19},"end":{"line":31,"column":2}},"1":{"start":{"line":37,"column":0},"end":{"line":37,"column":47}},"2":{"start":{"line":52,"column":0},"end":{"line":65,"column":3}},"3":{"start":{"line":53,"column":2},"end":{"line":64,"column":3}},"4":{"start":{"line":54,"column":4},"end":{"line":54,"column":11}},"5":{"start":{"line":56,"column":4},"end":{"line":63,"column":19}},"6":{"start":{"line":58,"column":20},"end":{"line":58,"column":52}},"7":{"start":{"line":60,"column":8},"end":{"line":60,"column":29}},"8":{"start":{"line":61,"column":8},"end":{"line":61,"column":15}},"9":{"start":{"line":71,"column":0},"end":{"line":81,"column":3}},"10":{"start":{"line":74,"column":2},"end":{"line":76,"column":3}},"11":{"start":{"line":75,"column":4},"end":{"line":75,"column":69}},"12":{"start":{"line":77,"column":2},"end":{"line":79,"column":3}},"13":{"start":{"line":78,"column":4},"end":{"line":78,"column":17}},"14":{"start":{"line":80,"column":2},"end":{"line":80,"column":50}}},"fnMap":{"0":{"name":"preSave","decl":{"start":{"line":52,"column":32},"end":{"line":52,"column":39}},"loc":{"start":{"line":52,"column":46},"end":{"line":65,"column":1}},"line":52},"1":{"name":"(anonymous_1)","decl":{"start":{"line":58,"column":12},"end":{"line":58,"column":13}},"loc":{"start":{"line":58,"column":20},"end":{"line":58,"column":52}},"line":58},"2":{"name":"(anonymous_2)","decl":{"start":{"line":59,"column":12},"end":{"line":59,"column":13}},"loc":{"start":{"line":59,"column":20},"end":{"line":62,"column":7}},"line":59},"3":{"name":"comparePassword","decl":{"start":{"line":71,"column":46},"end":{"line":71,"column":61}},"loc":{"start":{"line":73,"column":2},"end":{"line":81,"column":1}},"line":73}},"branchMap":{"0":{"loc":{"start":{"line":53,"column":2},"end":{"line":64,"column":3}},"type":"if","locations":[{"start":{"line":53,"column":2},"end":{"line":64,"column":3}},{"start":{"line":53,"column":2},"end":{"line":64,"column":3}}],"line":53},"1":{"loc":{"start":{"line":74,"column":2},"end":{"line":76,"column":3}},"type":"if","locations":[{"start":{"line":74,"column":2},"end":{"line":76,"column":3}},{"start":{"line":74,"column":2},"end":{"line":76,"column":3}}],"line":74},"2":{"loc":{"start":{"line":77,"column":2},"end":{"line":79,"column":3}},"type":"if","locations":[{"start":{"line":77,"column":2},"end":{"line":79,"column":3}},{"start":{"line":77,"column":2},"end":{"line":79,"column":3}}],"line":77}},"s":{"0":4,"1":4,"2":4,"3":0,"4":0,"5":0,"6":0,"7":0,"8":0,"9":4,"10":3,"11":1,"12":2,"13":1,"14":1},"f":{"0":0,"1":0,"2":0,"3":3},"b":{"0":[0,0],"1":[1,2],"2":[1,1]},"_coverageSchema":"332fd63041d2c1bcb487cc26dd0d5f7d97098a6c","hash":"4302576870661a7135ec818bc306714d02068470"}
,"/Users/mcarney/projects/graphql-ci/backend/src/user/user.resolvers.js": {"path":"/Users/mcarney/projects/graphql-ci/backend/src/user/user.resolvers.js","statementMap":{"0":{"start":{"line":3,"column":29},"end":{"line":43,"column":1}},"1":{"start":{"line":6,"column":12},"end":{"line":11,"column":13}},"2":{"start":{"line":7,"column":30},"end":{"line":7,"column":63}},"3":{"start":{"line":8,"column":16},"end":{"line":8,"column":29}},"4":{"start":{"line":10,"column":16},"end":{"line":10,"column":27}},"5":{"start":{"line":16,"column":12},"end":{"line":21,"column":13}},"6":{"start":{"line":17,"column":29},"end":{"line":17,"column":53}},"7":{"start":{"line":18,"column":16},"end":{"line":18,"column":28}},"8":{"start":{"line":20,"column":16},"end":{"line":20,"column":27}},"9":{"start":{"line":27,"column":12},"end":{"line":39,"column":13}},"10":{"start":{"line":28,"column":39},"end":{"line":28,"column":61}},"11":{"start":{"line":29,"column":16},"end":{"line":35,"column":17}},"12":{"start":{"line":30,"column":37},"end":{"line":30,"column":102}},"13":{"start":{"line":31,"column":20},"end":{"line":34,"column":22}},"14":{"start":{"line":36,"column":16},"end":{"line":36,"column":28}},"15":{"start":{"line":38,"column":16},"end":{"line":38,"column":27}}},"fnMap":{"0":{"name":"(anonymous_0)","decl":{"start":{"line":26,"column":16},"end":{"line":26,"column":17}},"loc":{"start":{"line":26,"column":58},"end":{"line":40,"column":9}},"line":26}},"branchMap":{"0":{"loc":{"start":{"line":5,"column":25},"end":{"line":5,"column":36}},"type":"default-arg","locations":[{"start":{"line":5,"column":34},"end":{"line":5,"column":36}}],"line":5},"1":{"loc":{"start":{"line":29,"column":16},"end":{"line":35,"column":17}},"type":"if","locations":[{"start":{"line":29,"column":16},"end":{"line":35,"column":17}},{"start":{"line":29,"column":16},"end":{"line":35,"column":17}}],"line":29}},"s":{"0":1,"1":2,"2":2,"3":1,"4":1,"5":2,"6":2,"7":1,"8":1,"9":3,"10":3,"11":3,"12":2,"13":1,"14":1,"15":1},"f":{"0":3},"b":{"0":[0],"1":[2,1]},"_coverageSchema":"332fd63041d2c1bcb487cc26dd0d5f7d97098a6c","hash":"9793734d11c99c629379fb99489bc02ab1c3a0d9"}
}
