{"/Users/mcarney/projects/graphql/backend/src/job/job.model.js": {"path":"/Users/mcarney/projects/graphql/backend/src/job/job.model.js","statementMap":{"0":{"start":{"line":9,"column":17},"end":{"line":33,"column":2}},"1":{"start":{"line":35,"column":0},"end":{"line":35,"column":45}}},"fnMap":{},"branchMap":{},"s":{"0":2,"1":2},"f":{},"b":{},"_coverageSchema":"332fd63041d2c1bcb487cc26dd0d5f7d97098a6c","hash":"e40b4fb41956372cf08a9d2763de9149451a9385"}
,"/Users/mcarney/projects/graphql/backend/src/job/job.resolvers.js": {"path":"/Users/mcarney/projects/graphql/backend/src/job/job.resolvers.js","statementMap":{"0":{"start":{"line":5,"column":28},"end":{"line":42,"column":1}},"1":{"start":{"line":8,"column":12},"end":{"line":13,"column":13}},"2":{"start":{"line":9,"column":29},"end":{"line":9,"column":61}},"3":{"start":{"line":10,"column":16},"end":{"line":10,"column":28}},"4":{"start":{"line":12,"column":16},"end":{"line":12,"column":27}},"5":{"start":{"line":18,"column":12},"end":{"line":23,"column":13}},"6":{"start":{"line":19,"column":28},"end":{"line":19,"column":51}},"7":{"start":{"line":20,"column":16},"end":{"line":20,"column":27}},"8":{"start":{"line":22,"column":16},"end":{"line":22,"column":27}},"9":{"start":{"line":29,"column":12},"end":{"line":37,"column":13}},"10":{"start":{"line":30,"column":16},"end":{"line":33,"column":17}},"11":{"start":{"line":31,"column":33},"end":{"line":31,"column":64}},"12":{"start":{"line":32,"column":20},"end":{"line":32,"column":32}},"13":{"start":{"line":34,"column":16},"end":{"line":34,"column":28}},"14":{"start":{"line":36,"column":16},"end":{"line":36,"column":27}}},"fnMap":{},"branchMap":{"0":{"loc":{"start":{"line":7,"column":24},"end":{"line":7,"column":35}},"type":"default-arg","locations":[{"start":{"line":7,"column":33},"end":{"line":7,"column":35}}],"line":7},"1":{"loc":{"start":{"line":30,"column":16},"end":{"line":33,"column":17}},"type":"if","locations":[{"start":{"line":30,"column":16},"end":{"line":33,"column":17}},{"start":{"line":30,"column":16},"end":{"line":33,"column":17}}],"line":30},"2":{"loc":{"start":{"line":30,"column":20},"end":{"line":30,"column":37}},"type":"binary-expr","locations":[{"start":{"line":30,"column":20},"end":{"line":30,"column":23}},{"start":{"line":30,"column":27},"end":{"line":30,"column":37}}],"line":30}},"s":{"0":1,"1":2,"2":2,"3":1,"4":1,"5":2,"6":2,"7":1,"8":1,"9":2,"10":2,"11":1,"12":1,"13":1,"14":0},"f":{},"b":{"0":[2],"1":[1,1],"2":[2,2]},"_coverageSchema":"332fd63041d2c1bcb487cc26dd0d5f7d97098a6c","hash":"9d008ea8c3b0cd22d5f02ed99c7bfeadde45bcaf"}
,"/Users/mcarney/projects/graphql/backend/src/user/user.github.js": {"path":"/Users/mcarney/projects/graphql/backend/src/user/user.github.js","statementMap":{"0":{"start":{"line":5,"column":4},"end":{"line":5,"column":12}},"1":{"start":{"line":6,"column":4},"end":{"line":6,"column":45}},"2":{"start":{"line":10,"column":4},"end":{"line":10,"column":35}},"3":{"start":{"line":15,"column":17},"end":{"line":15,"column":46}},"4":{"start":{"line":16,"column":4},"end":{"line":20,"column":5}},"5":{"start":{"line":17,"column":8},"end":{"line":17,"column":33}},"6":{"start":{"line":19,"column":8},"end":{"line":19,"column":20}}},"fnMap":{"0":{"name":"(anonymous_0)","decl":{"start":{"line":4,"column":2},"end":{"line":4,"column":3}},"loc":{"start":{"line":4,"column":16},"end":{"line":7,"column":3}},"line":4},"1":{"name":"(anonymous_1)","decl":{"start":{"line":9,"column":2},"end":{"line":9,"column":3}},"loc":{"start":{"line":9,"column":20},"end":{"line":11,"column":3}},"line":9},"2":{"name":"(anonymous_2)","decl":{"start":{"line":14,"column":2},"end":{"line":14,"column":3}},"loc":{"start":{"line":14,"column":29},"end":{"line":23,"column":3}},"line":14}},"branchMap":{"0":{"loc":{"start":{"line":16,"column":4},"end":{"line":20,"column":5}},"type":"if","locations":[{"start":{"line":16,"column":4},"end":{"line":20,"column":5}},{"start":{"line":16,"column":4},"end":{"line":20,"column":5}}],"line":16},"1":{"loc":{"start":{"line":16,"column":8},"end":{"line":16,"column":33}},"type":"binary-expr","locations":[{"start":{"line":16,"column":8},"end":{"line":16,"column":12}},{"start":{"line":16,"column":16},"end":{"line":16,"column":33}}],"line":16}},"s":{"0":1,"1":1,"2":1,"3":2,"4":2,"5":1,"6":1},"f":{"0":1,"1":1,"2":2},"b":{"0":[1,1],"1":[2,1]},"_coverageSchema":"332fd63041d2c1bcb487cc26dd0d5f7d97098a6c","hash":"e6428d3b3732270de3c6a0e0a8e8bcda827a88bb"}
,"/Users/mcarney/projects/graphql/backend/src/user/user.model.js": {"path":"/Users/mcarney/projects/graphql/backend/src/user/user.model.js","statementMap":{"0":{"start":{"line":8,"column":19},"end":{"line":31,"column":2}},"1":{"start":{"line":37,"column":0},"end":{"line":37,"column":47}},"2":{"start":{"line":52,"column":0},"end":{"line":65,"column":3}},"3":{"start":{"line":53,"column":2},"end":{"line":64,"column":3}},"4":{"start":{"line":54,"column":4},"end":{"line":54,"column":11}},"5":{"start":{"line":56,"column":4},"end":{"line":63,"column":19}},"6":{"start":{"line":58,"column":20},"end":{"line":58,"column":52}},"7":{"start":{"line":60,"column":8},"end":{"line":60,"column":29}},"8":{"start":{"line":61,"column":8},"end":{"line":61,"column":15}},"9":{"start":{"line":71,"column":0},"end":{"line":81,"column":3}},"10":{"start":{"line":74,"column":2},"end":{"line":76,"column":3}},"11":{"start":{"line":75,"column":4},"end":{"line":75,"column":69}},"12":{"start":{"line":77,"column":2},"end":{"line":79,"column":3}},"13":{"start":{"line":78,"column":4},"end":{"line":78,"column":17}},"14":{"start":{"line":80,"column":2},"end":{"line":80,"column":50}}},"fnMap":{"0":{"name":"preSave","decl":{"start":{"line":52,"column":32},"end":{"line":52,"column":39}},"loc":{"start":{"line":52,"column":46},"end":{"line":65,"column":1}},"line":52},"1":{"name":"(anonymous_1)","decl":{"start":{"line":58,"column":12},"end":{"line":58,"column":13}},"loc":{"start":{"line":58,"column":20},"end":{"line":58,"column":52}},"line":58},"2":{"name":"(anonymous_2)","decl":{"start":{"line":59,"column":12},"end":{"line":59,"column":13}},"loc":{"start":{"line":59,"column":20},"end":{"line":62,"column":7}},"line":59},"3":{"name":"comparePassword","decl":{"start":{"line":71,"column":46},"end":{"line":71,"column":61}},"loc":{"start":{"line":73,"column":2},"end":{"line":81,"column":1}},"line":73}},"branchMap":{"0":{"loc":{"start":{"line":53,"column":2},"end":{"line":64,"column":3}},"type":"if","locations":[{"start":{"line":53,"column":2},"end":{"line":64,"column":3}},{"start":{"line":53,"column":2},"end":{"line":64,"column":3}}],"line":53},"1":{"loc":{"start":{"line":74,"column":2},"end":{"line":76,"column":3}},"type":"if","locations":[{"start":{"line":74,"column":2},"end":{"line":76,"column":3}},{"start":{"line":74,"column":2},"end":{"line":76,"column":3}}],"line":74},"2":{"loc":{"start":{"line":77,"column":2},"end":{"line":79,"column":3}},"type":"if","locations":[{"start":{"line":77,"column":2},"end":{"line":79,"column":3}},{"start":{"line":77,"column":2},"end":{"line":79,"column":3}}],"line":77}},"s":{"0":3,"1":3,"2":3,"3":0,"4":0,"5":0,"6":0,"7":0,"8":0,"9":3,"10":3,"11":1,"12":2,"13":1,"14":1},"f":{"0":0,"1":0,"2":0,"3":3},"b":{"0":[0,0],"1":[1,2],"2":[1,1]},"_coverageSchema":"332fd63041d2c1bcb487cc26dd0d5f7d97098a6c","hash":"b4aa6db54df0445157eab855378f8c2134d95017"}
,"/Users/mcarney/projects/graphql/backend/src/user/user.resolvers.js": {"path":"/Users/mcarney/projects/graphql/backend/src/user/user.resolvers.js","statementMap":{"0":{"start":{"line":3,"column":29},"end":{"line":43,"column":1}},"1":{"start":{"line":6,"column":12},"end":{"line":11,"column":13}},"2":{"start":{"line":7,"column":30},"end":{"line":7,"column":63}},"3":{"start":{"line":8,"column":16},"end":{"line":8,"column":29}},"4":{"start":{"line":10,"column":16},"end":{"line":10,"column":27}},"5":{"start":{"line":16,"column":12},"end":{"line":21,"column":13}},"6":{"start":{"line":17,"column":29},"end":{"line":17,"column":53}},"7":{"start":{"line":18,"column":16},"end":{"line":18,"column":28}},"8":{"start":{"line":20,"column":16},"end":{"line":20,"column":27}},"9":{"start":{"line":27,"column":12},"end":{"line":39,"column":13}},"10":{"start":{"line":28,"column":39},"end":{"line":28,"column":61}},"11":{"start":{"line":29,"column":16},"end":{"line":35,"column":17}},"12":{"start":{"line":30,"column":37},"end":{"line":30,"column":102}},"13":{"start":{"line":31,"column":20},"end":{"line":34,"column":22}},"14":{"start":{"line":36,"column":16},"end":{"line":36,"column":28}},"15":{"start":{"line":38,"column":16},"end":{"line":38,"column":27}}},"fnMap":{"0":{"name":"(anonymous_0)","decl":{"start":{"line":26,"column":16},"end":{"line":26,"column":17}},"loc":{"start":{"line":26,"column":52},"end":{"line":40,"column":9}},"line":26}},"branchMap":{"0":{"loc":{"start":{"line":5,"column":25},"end":{"line":5,"column":36}},"type":"default-arg","locations":[{"start":{"line":5,"column":34},"end":{"line":5,"column":36}}],"line":5},"1":{"loc":{"start":{"line":29,"column":16},"end":{"line":35,"column":17}},"type":"if","locations":[{"start":{"line":29,"column":16},"end":{"line":35,"column":17}},{"start":{"line":29,"column":16},"end":{"line":35,"column":17}}],"line":29}},"s":{"0":1,"1":2,"2":2,"3":1,"4":1,"5":2,"6":2,"7":1,"8":1,"9":3,"10":3,"11":3,"12":2,"13":1,"14":1,"15":1},"f":{"0":3},"b":{"0":[0],"1":[2,1]},"_coverageSchema":"332fd63041d2c1bcb487cc26dd0d5f7d97098a6c","hash":"11fef4047fd4d85af0cb49fcaa0c664f7cc94da0"}
}
