TN:
SF:/Users/mcarney/projects/graphql-ci/backend/dist/job/job.model.js
FN:10,_interopRequireDefault
FNF:1
FNH:1
FNDA:2,_interopRequireDefault
DA:3,2
DA:6,2
DA:8,2
DA:10,2
DA:16,2
DA:41,2
DA:49,2
DA:51,2
LF:8
LH:8
BRDA:10,0,0,0
BRDA:10,0,1,2
BRDA:10,1,0,2
BRDA:10,1,1,2
BRF:4
BRH:3
end_of_record
TN:
SF:/Users/mcarney/projects/graphql-ci/backend/dist/job/job.resolvers.js
FN:14,_interopRequireDefault
FNF:1
FNH:1
FNDA:2,_interopRequireDefault
DA:3,1
DA:6,1
DA:8,1
DA:10,1
DA:12,1
DA:14,2
DA:16,1
DA:21,2
DA:22,2
DA:23,1
DA:25,1
DA:34,2
DA:35,2
DA:36,1
DA:38,1
DA:45,2
DA:46,2
DA:47,1
DA:48,1
DA:51,1
DA:53,0
DA:59,1
LF:22
LH:21
BRDA:14,0,0,2
BRDA:14,0,1,0
BRDA:14,1,0,2
BRDA:14,1,1,2
BRDA:19,2,0,2
BRDA:46,3,0,1
BRDA:46,3,1,1
BRDA:46,4,0,2
BRDA:46,4,1,2
BRF:9
BRH:8
end_of_record
TN:
SF:/Users/mcarney/projects/graphql-ci/backend/dist/user/user.github.js
FN:11,(anonymous_0)
FN:16,(anonymous_1)
FN:21,(anonymous_2)
FNF:3
FNH:3
FNDA:1,(anonymous_0)
FNDA:1,(anonymous_1)
FNDA:2,(anonymous_2)
DA:3,1
DA:6,1
DA:8,1
DA:12,1
DA:13,1
DA:17,1
DA:22,2
DA:24,2
DA:25,1
DA:27,1
DA:33,1
DA:34,1
LF:12
LH:12
BRDA:24,0,0,1
BRDA:24,0,1,1
BRDA:24,1,0,2
BRDA:24,1,1,1
BRF:4
BRH:4
end_of_record
TN:
SF:/Users/mcarney/projects/graphql-ci/backend/dist/user/user.model.js
FN:12,_interopRequireDefault
FN:63,preSave
FN:67,(anonymous_2)
FN:67,(anonymous_3)
FN:78,comparePassword
FNF:5
FNH:2
FNDA:6,_interopRequireDefault
FNDA:0,preSave
FNDA:0,(anonymous_2)
FNDA:0,(anonymous_3)
FNDA:3,comparePassword
DA:3,3
DA:6,3
DA:8,3
DA:10,3
DA:12,6
DA:18,3
DA:47,3
DA:63,3
DA:64,0
DA:65,0
DA:67,0
DA:68,0
DA:69,0
DA:78,3
DA:79,3
DA:80,1
DA:83,2
DA:84,1
DA:87,1
DA:94,3
DA:96,3
LF:21
LH:16
BRDA:12,0,0,0
BRDA:12,0,1,6
BRDA:12,1,0,6
BRDA:12,1,1,6
BRDA:64,2,0,0
BRDA:64,2,1,0
BRDA:79,3,0,1
BRDA:79,3,1,2
BRDA:83,4,0,1
BRDA:83,4,1,1
BRF:10
BRH:7
end_of_record
TN:
SF:/Users/mcarney/projects/graphql-ci/backend/dist/user/user.resolvers.js
FN:10,_interopRequireDefault
FN:40,(anonymous_1)
FNF:2
FNH:2
FNDA:1,_interopRequireDefault
FNDA:3,(anonymous_1)
DA:3,1
DA:6,1
DA:8,1
DA:10,1
DA:12,1
DA:17,2
DA:18,2
DA:19,1
DA:21,1
DA:30,2
DA:31,2
DA:32,1
DA:34,1
DA:43,3
DA:44,3
DA:46,3
DA:47,2
DA:48,1
DA:54,1
DA:56,1
DA:61,1
LF:21
LH:21
BRDA:10,0,0,1
BRDA:10,0,1,0
BRDA:10,1,0,1
BRDA:10,1,1,1
BRDA:15,2,0,0
BRDA:46,3,0,2
BRDA:46,3,1,1
BRF:7
BRH:5
end_of_record
TN:
SF:/Users/mcarney/projects/graphql-ci/backend/src/job/job.model.js
FNF:0
FNH:0
DA:9,2
DA:35,2
LF:2
LH:2
BRF:0
BRH:0
end_of_record
TN:
SF:/Users/mcarney/projects/graphql-ci/backend/src/job/job.resolvers.js
FNF:0
FNH:0
DA:5,1
DA:8,2
DA:9,2
DA:10,1
DA:12,1
DA:18,2
DA:19,2
DA:20,1
DA:22,1
DA:29,2
DA:30,2
DA:31,1
DA:32,1
DA:34,1
DA:36,0
LF:15
LH:14
BRDA:7,0,0,2
BRDA:30,1,0,1
BRDA:30,1,1,1
BRDA:30,2,0,2
BRDA:30,2,1,2
BRF:5
BRH:5
end_of_record
TN:
SF:/Users/mcarney/projects/graphql-ci/backend/src/thing/thing.model.js
FNF:0
FNH:0
DA:9,2
DA:36,2
LF:2
LH:2
BRF:0
BRH:0
end_of_record
TN:
SF:/Users/mcarney/projects/graphql-ci/backend/src/thing/thing.resolvers.js
FNF:0
FNH:0
DA:4,1
DA:7,2
DA:8,2
DA:9,1
DA:11,1
DA:17,2
DA:18,2
DA:19,1
DA:21,1
DA:28,2
DA:29,2
DA:30,1
DA:31,1
DA:33,1
DA:35,0
LF:15
LH:14
BRDA:6,0,0,2
BRDA:29,1,0,1
BRDA:29,1,1,1
BRDA:29,2,0,2
BRDA:29,2,1,2
BRF:5
BRH:5
end_of_record
TN:
SF:/Users/mcarney/projects/graphql-ci/backend/src/user/user.github.js
FN:4,(anonymous_0)
FN:9,(anonymous_1)
FN:14,(anonymous_2)
FNF:3
FNH:3
FNDA:1,(anonymous_0)
FNDA:1,(anonymous_1)
FNDA:2,(anonymous_2)
DA:5,1
DA:6,1
DA:10,1
DA:15,2
DA:16,2
DA:17,1
DA:19,1
LF:7
LH:7
BRDA:16,0,0,1
BRDA:16,0,1,1
BRDA:16,1,0,2
BRDA:16,1,1,1
BRF:4
BRH:4
end_of_record
TN:
SF:/Users/mcarney/projects/graphql-ci/backend/src/user/user.model.js
FN:52,preSave
FN:58,(anonymous_1)
FN:59,(anonymous_2)
FN:71,comparePassword
FNF:4
FNH:1
FNDA:0,preSave
FNDA:0,(anonymous_1)
FNDA:0,(anonymous_2)
FNDA:3,comparePassword
DA:8,4
DA:37,4
DA:52,4
DA:53,0
DA:54,0
DA:56,0
DA:58,0
DA:60,0
DA:61,0
DA:71,4
DA:74,3
DA:75,1
DA:77,2
DA:78,1
DA:80,1
LF:15
LH:9
BRDA:53,0,0,0
BRDA:53,0,1,0
BRDA:74,1,0,1
BRDA:74,1,1,2
BRDA:77,2,0,1
BRDA:77,2,1,1
BRF:6
BRH:4
end_of_record
TN:
SF:/Users/mcarney/projects/graphql-ci/backend/src/user/user.resolvers.js
FN:26,(anonymous_0)
FNF:1
FNH:1
FNDA:3,(anonymous_0)
DA:3,1
DA:6,2
DA:7,2
DA:8,1
DA:10,1
DA:16,2
DA:17,2
DA:18,1
DA:20,1
DA:27,3
DA:28,3
DA:29,3
DA:30,2
DA:31,1
DA:36,1
DA:38,1
LF:16
LH:16
BRDA:5,0,0,0
BRDA:29,1,0,2
BRDA:29,1,1,1
BRF:3
BRH:2
end_of_record
