TN:
SF:/Users/mcarney/projects/graphql/backend/src/job/job.model.js
FNF:0
FNH:0
DA:9,2
DA:35,2
LF:2
LH:2
BRF:0
BRH:0
end_of_record
TN:
SF:/Users/mcarney/projects/graphql/backend/src/job/job.resolvers.js
FNF:0
FNH:0
DA:5,1
DA:8,2
DA:9,2
DA:10,1
DA:12,1
DA:18,2
DA:19,2
DA:20,1
DA:22,1
DA:29,2
DA:30,2
DA:31,1
DA:32,1
DA:34,1
DA:36,0
LF:15
LH:14
BRDA:7,0,0,2
BRDA:30,1,0,1
BRDA:30,1,1,1
BRDA:30,2,0,2
BRDA:30,2,1,2
BRF:5
BRH:5
end_of_record
TN:
SF:/Users/mcarney/projects/graphql/backend/src/user/user.github.js
FN:4,(anonymous_0)
FN:9,(anonymous_1)
FN:14,(anonymous_2)
FNF:3
FNH:3
FNDA:1,(anonymous_0)
FNDA:1,(anonymous_1)
FNDA:2,(anonymous_2)
DA:5,1
DA:6,1
DA:10,1
DA:15,2
DA:16,2
DA:17,1
DA:19,1
LF:7
LH:7
BRDA:16,0,0,1
BRDA:16,0,1,1
BRDA:16,1,0,2
BRDA:16,1,1,1
BRF:4
BRH:4
end_of_record
TN:
SF:/Users/mcarney/projects/graphql/backend/src/user/user.model.js
FN:52,preSave
FN:58,(anonymous_1)
FN:59,(anonymous_2)
FN:71,comparePassword
FNF:4
FNH:1
FNDA:0,preSave
FNDA:0,(anonymous_1)
FNDA:0,(anonymous_2)
FNDA:3,comparePassword
DA:8,3
DA:37,3
DA:52,3
DA:53,0
DA:54,0
DA:56,0
DA:58,0
DA:60,0
DA:61,0
DA:71,3
DA:74,3
DA:75,1
DA:77,2
DA:78,1
DA:80,1
LF:15
LH:9
BRDA:53,0,0,0
BRDA:53,0,1,0
BRDA:74,1,0,1
BRDA:74,1,1,2
BRDA:77,2,0,1
BRDA:77,2,1,1
BRF:6
BRH:4
end_of_record
TN:
SF:/Users/mcarney/projects/graphql/backend/src/user/user.resolvers.js
FN:26,(anonymous_0)
FNF:1
FNH:1
FNDA:3,(anonymous_0)
DA:3,1
DA:6,2
DA:7,2
DA:8,1
DA:10,1
DA:16,2
DA:17,2
DA:18,1
DA:20,1
DA:27,3
DA:28,3
DA:29,3
DA:30,2
DA:31,1
DA:36,1
DA:38,1
LF:16
LH:16
BRDA:5,0,0,0
BRDA:29,1,0,2
BRDA:29,1,1,1
BRF:3
BRH:2
end_of_record
